This file contains any messages produced by compilers while
running configure, to aid debugging if configure makes a mistake.

It was created by dgrep configure 1.0, which was
generated by GNU Autoconf 2.69.  Invocation command line was

  $ ./configure 

## --------- ##
## Platform. ##
## --------- ##

hostname = QUbuntu
uname -m = x86_64
uname -r = 4.4.0-36-generic
uname -s = Linux
uname -v = #55~14.04.1-Ubuntu SMP Fri Aug 12 11:49:30 UTC 2016

/usr/bin/uname -p = unknown
/bin/uname -X     = unknown

/bin/arch              = unknown
/usr/bin/arch -k       = unknown
/usr/convex/getsysinfo = unknown
/usr/bin/hostinfo      = unknown
/bin/machine           = unknown
/usr/bin/oslevel       = unknown
/bin/universe          = unknown

PATH: /home/qubit/Documents/apache-maven-3.3.9/bin
PATH: /usr/local/texlive/2016/bin/x86_64-linux
PATH: /usr/local/sbin
PATH: /usr/local/bin
PATH: /usr/sbin
PATH: /usr/bin
PATH: /sbin
PATH: /bin
PATH: /usr/games
PATH: /usr/local/games


## ----------- ##
## Core tests. ##
## ----------- ##

configure:2291: checking for a BSD-compatible install
configure:2359: result: /usr/bin/install -c
configure:2370: checking whether build environment is sane
configure:2425: result: yes
configure:2576: checking for a thread-safe mkdir -p
configure:2615: result: /bin/mkdir -p
configure:2622: checking for gawk
configure:2652: result: no
configure:2622: checking for mawk
configure:2638: found /usr/bin/mawk
configure:2649: result: mawk
configure:2660: checking whether make sets $(MAKE)
configure:2682: result: yes
configure:2711: checking whether make supports nested variables
configure:2728: result: yes
configure:2916: checking for g++
configure:2932: found /usr/bin/g++
configure:2943: result: g++
configure:2970: checking for C++ compiler version
configure:2979: g++ --version >&5
g++ (Ubuntu 4.8.4-2ubuntu1~14.04.3) 4.8.4
Copyright (C) 2013 Free Software Foundation, Inc.
This is free software; see the source for copying conditions.  There is NO
warranty; not even for MERCHANTABILITY or FITNESS FOR A PARTICULAR PURPOSE.

configure:2990: $? = 0
configure:2979: g++ -v >&5
Using built-in specs.
COLLECT_GCC=g++
COLLECT_LTO_WRAPPER=/usr/lib/gcc/x86_64-linux-gnu/4.8/lto-wrapper
Target: x86_64-linux-gnu
Configured with: ../src/configure -v --with-pkgversion='Ubuntu 4.8.4-2ubuntu1~14.04.3' --with-bugurl=file:///usr/share/doc/gcc-4.8/README.Bugs --enable-languages=c,c++,java,go,d,fortran,objc,obj-c++ --prefix=/usr --program-suffix=-4.8 --enable-shared --enable-linker-build-id --libexecdir=/usr/lib --without-included-gettext --enable-threads=posix --with-gxx-include-dir=/usr/include/c++/4.8 --libdir=/usr/lib --enable-nls --with-sysroot=/ --enable-clocale=gnu --enable-libstdcxx-debug --enable-libstdcxx-time=yes --enable-gnu-unique-object --disable-libmudflap --enable-plugin --with-system-zlib --disable-browser-plugin --enable-java-awt=gtk --enable-gtk-cairo --with-java-home=/usr/lib/jvm/java-1.5.0-gcj-4.8-amd64/jre --enable-java-home --with-jvm-root-dir=/usr/lib/jvm/java-1.5.0-gcj-4.8-amd64 --with-jvm-jar-dir=/usr/lib/jvm-exports/java-1.5.0-gcj-4.8-amd64 --with-arch-directory=amd64 --with-ecj-jar=/usr/share/java/eclipse-ecj.jar --enable-objc-gc --enable-multiarch --disable-werror --with-arch-32=i686 --with-abi=m64 --with-multilib-list=m32,m64,mx32 --with-tune=generic --enable-checking=release --build=x86_64-linux-gnu --host=x86_64-linux-gnu --target=x86_64-linux-gnu
Thread model: posix
gcc version 4.8.4 (Ubuntu 4.8.4-2ubuntu1~14.04.3) 
configure:2990: $? = 0
configure:2979: g++ -V >&5
g++: error: unrecognized command line option '-V'
g++: fatal error: no input files
compilation terminated.
configure:2990: $? = 4
configure:2979: g++ -qversion >&5
g++: error: unrecognized command line option '-qversion'
g++: fatal error: no input files
compilation terminated.
configure:2990: $? = 4
configure:3010: checking whether the C++ compiler works
configure:3032: g++    conftest.cpp  >&5
configure:3036: $? = 0
configure:3084: result: yes
configure:3087: checking for C++ compiler default output file name
configure:3089: result: a.out
configure:3095: checking for suffix of executables
configure:3102: g++ -o conftest    conftest.cpp  >&5
configure:3106: $? = 0
configure:3128: result: 
configure:3150: checking whether we are cross compiling
configure:3158: g++ -o conftest    conftest.cpp  >&5
configure:3162: $? = 0
configure:3169: ./conftest
configure:3173: $? = 0
configure:3188: result: no
configure:3193: checking for suffix of object files
configure:3215: g++ -c   conftest.cpp >&5
configure:3219: $? = 0
configure:3240: result: o
configure:3244: checking whether we are using the GNU C++ compiler
configure:3263: g++ -c   conftest.cpp >&5
configure:3263: $? = 0
configure:3272: result: yes
configure:3281: checking whether g++ accepts -g
configure:3301: g++ -c -g  conftest.cpp >&5
configure:3301: $? = 0
configure:3342: result: yes
configure:3376: checking for style of include used by make
configure:3404: result: GNU
configure:3430: checking dependency style of g++
configure:3541: result: gcc3
configure:3604: checking for gcc
configure:3620: found /usr/bin/gcc
configure:3631: result: gcc
configure:3860: checking for C compiler version
configure:3869: gcc --version >&5
gcc (Ubuntu 4.8.4-2ubuntu1~14.04.3) 4.8.4
Copyright (C) 2013 Free Software Foundation, Inc.
This is free software; see the source for copying conditions.  There is NO
warranty; not even for MERCHANTABILITY or FITNESS FOR A PARTICULAR PURPOSE.

configure:3880: $? = 0
configure:3869: gcc -v >&5
Using built-in specs.
COLLECT_GCC=gcc
COLLECT_LTO_WRAPPER=/usr/lib/gcc/x86_64-linux-gnu/4.8/lto-wrapper
Target: x86_64-linux-gnu
Configured with: ../src/configure -v --with-pkgversion='Ubuntu 4.8.4-2ubuntu1~14.04.3' --with-bugurl=file:///usr/share/doc/gcc-4.8/README.Bugs --enable-languages=c,c++,java,go,d,fortran,objc,obj-c++ --prefix=/usr --program-suffix=-4.8 --enable-shared --enable-linker-build-id --libexecdir=/usr/lib --without-included-gettext --enable-threads=posix --with-gxx-include-dir=/usr/include/c++/4.8 --libdir=/usr/lib --enable-nls --with-sysroot=/ --enable-clocale=gnu --enable-libstdcxx-debug --enable-libstdcxx-time=yes --enable-gnu-unique-object --disable-libmudflap --enable-plugin --with-system-zlib --disable-browser-plugin --enable-java-awt=gtk --enable-gtk-cairo --with-java-home=/usr/lib/jvm/java-1.5.0-gcj-4.8-amd64/jre --enable-java-home --with-jvm-root-dir=/usr/lib/jvm/java-1.5.0-gcj-4.8-amd64 --with-jvm-jar-dir=/usr/lib/jvm-exports/java-1.5.0-gcj-4.8-amd64 --with-arch-directory=amd64 --with-ecj-jar=/usr/share/java/eclipse-ecj.jar --enable-objc-gc --enable-multiarch --disable-werror --with-arch-32=i686 --with-abi=m64 --with-multilib-list=m32,m64,mx32 --with-tune=generic --enable-checking=release --build=x86_64-linux-gnu --host=x86_64-linux-gnu --target=x86_64-linux-gnu
Thread model: posix
gcc version 4.8.4 (Ubuntu 4.8.4-2ubuntu1~14.04.3) 
configure:3880: $? = 0
configure:3869: gcc -V >&5
gcc: error: unrecognized command line option '-V'
gcc: fatal error: no input files
compilation terminated.
configure:3880: $? = 4
configure:3869: gcc -qversion >&5
gcc: error: unrecognized command line option '-qversion'
gcc: fatal error: no input files
compilation terminated.
configure:3880: $? = 4
configure:3884: checking whether we are using the GNU C compiler
configure:3903: gcc -c   conftest.c >&5
configure:3903: $? = 0
configure:3912: result: yes
configure:3921: checking whether gcc accepts -g
configure:3941: gcc -c -g  conftest.c >&5
configure:3941: $? = 0
configure:3982: result: yes
configure:3999: checking for gcc option to accept ISO C89
configure:4062: gcc  -c -g -O2  conftest.c >&5
configure:4062: $? = 0
configure:4075: result: none needed
configure:4100: checking whether gcc understands -c and -o together
configure:4122: gcc -c conftest.c -o conftest2.o
configure:4125: $? = 0
configure:4122: gcc -c conftest.c -o conftest2.o
configure:4125: $? = 0
configure:4137: result: yes
configure:4156: checking dependency style of gcc
configure:4267: result: gcc3
configure:4287: checking for gawk
configure:4314: result: mawk
configure:4336: checking how to run the C preprocessor
configure:4367: gcc -E  conftest.c
configure:4367: $? = 0
configure:4381: gcc -E  conftest.c
conftest.c:11:28: fatal error: ac_nonexistent.h: No such file or directory
 #include <ac_nonexistent.h>
                            ^
compilation terminated.
configure:4381: $? = 1
configure: failed program was:
| /* confdefs.h */
| #define PACKAGE_NAME "dgrep"
| #define PACKAGE_TARNAME "dgrep"
| #define PACKAGE_VERSION "1.0"
| #define PACKAGE_STRING "dgrep 1.0"
| #define PACKAGE_BUGREPORT "chenwan920908@gmail.com"
| #define PACKAGE_URL ""
| #define PACKAGE "dgrep"
| #define VERSION "1.0"
| /* end confdefs.h.  */
| #include <ac_nonexistent.h>
configure:4406: result: gcc -E
configure:4426: gcc -E  conftest.c
configure:4426: $? = 0
configure:4440: gcc -E  conftest.c
conftest.c:11:28: fatal error: ac_nonexistent.h: No such file or directory
 #include <ac_nonexistent.h>
                            ^
compilation terminated.
configure:4440: $? = 1
configure: failed program was:
| /* confdefs.h */
| #define PACKAGE_NAME "dgrep"
| #define PACKAGE_TARNAME "dgrep"
| #define PACKAGE_VERSION "1.0"
| #define PACKAGE_STRING "dgrep 1.0"
| #define PACKAGE_BUGREPORT "chenwan920908@gmail.com"
| #define PACKAGE_URL ""
| #define PACKAGE "dgrep"
| #define VERSION "1.0"
| /* end confdefs.h.  */
| #include <ac_nonexistent.h>
configure:4469: checking for grep that handles long lines and -e
configure:4527: result: /bin/grep
configure:4532: checking for egrep
configure:4594: result: /bin/grep -E
configure:4599: checking for ANSI C header files
configure:4619: gcc -c -g -O2  conftest.c >&5
configure:4619: $? = 0
configure:4692: gcc -o conftest -g -O2   conftest.c  >&5
configure:4692: $? = 0
configure:4692: ./conftest
configure:4692: $? = 0
configure:4703: result: yes
configure:4716: checking for sys/types.h
configure:4716: gcc -c -g -O2  conftest.c >&5
configure:4716: $? = 0
configure:4716: result: yes
configure:4716: checking for sys/stat.h
configure:4716: gcc -c -g -O2  conftest.c >&5
configure:4716: $? = 0
configure:4716: result: yes
configure:4716: checking for stdlib.h
configure:4716: gcc -c -g -O2  conftest.c >&5
configure:4716: $? = 0
configure:4716: result: yes
configure:4716: checking for string.h
configure:4716: gcc -c -g -O2  conftest.c >&5
configure:4716: $? = 0
configure:4716: result: yes
configure:4716: checking for memory.h
configure:4716: gcc -c -g -O2  conftest.c >&5
configure:4716: $? = 0
configure:4716: result: yes
configure:4716: checking for strings.h
configure:4716: gcc -c -g -O2  conftest.c >&5
configure:4716: $? = 0
configure:4716: result: yes
configure:4716: checking for inttypes.h
configure:4716: gcc -c -g -O2  conftest.c >&5
configure:4716: $? = 0
configure:4716: result: yes
configure:4716: checking for stdint.h
configure:4716: gcc -c -g -O2  conftest.c >&5
configure:4716: $? = 0
configure:4716: result: yes
configure:4716: checking for unistd.h
configure:4716: gcc -c -g -O2  conftest.c >&5
configure:4716: $? = 0
configure:4716: result: yes
configure:4731: checking arpa/inet.h usability
configure:4731: gcc -c -g -O2  conftest.c >&5
configure:4731: $? = 0
configure:4731: result: yes
configure:4731: checking arpa/inet.h presence
configure:4731: gcc -E  conftest.c
configure:4731: $? = 0
configure:4731: result: yes
configure:4731: checking for arpa/inet.h
configure:4731: result: yes
configure:4731: checking netdb.h usability
configure:4731: gcc -c -g -O2  conftest.c >&5
configure:4731: $? = 0
configure:4731: result: yes
configure:4731: checking netdb.h presence
configure:4731: gcc -E  conftest.c
configure:4731: $? = 0
configure:4731: result: yes
configure:4731: checking for netdb.h
configure:4731: result: yes
configure:4731: checking netinet/in.h usability
configure:4731: gcc -c -g -O2  conftest.c >&5
configure:4731: $? = 0
configure:4731: result: yes
configure:4731: checking netinet/in.h presence
configure:4731: gcc -E  conftest.c
configure:4731: $? = 0
configure:4731: result: yes
configure:4731: checking for netinet/in.h
configure:4731: result: yes
configure:4731: checking for stdlib.h
configure:4731: result: yes
configure:4731: checking for string.h
configure:4731: result: yes
configure:4731: checking sys/socket.h usability
configure:4731: gcc -c -g -O2  conftest.c >&5
configure:4731: $? = 0
configure:4731: result: yes
configure:4731: checking sys/socket.h presence
configure:4731: gcc -E  conftest.c
configure:4731: $? = 0
configure:4731: result: yes
configure:4731: checking for sys/socket.h
configure:4731: result: yes
configure:4731: checking for unistd.h
configure:4731: result: yes
configure:4745: checking for pid_t
configure:4745: gcc -c -g -O2  conftest.c >&5
configure:4745: $? = 0
configure:4745: gcc -c -g -O2  conftest.c >&5
conftest.c: In function 'main':
conftest.c:64:20: error: expected expression before ')' token
 if (sizeof ((pid_t)))
                    ^
configure:4745: $? = 1
configure: failed program was:
| /* confdefs.h */
| #define PACKAGE_NAME "dgrep"
| #define PACKAGE_TARNAME "dgrep"
| #define PACKAGE_VERSION "1.0"
| #define PACKAGE_STRING "dgrep 1.0"
| #define PACKAGE_BUGREPORT "chenwan920908@gmail.com"
| #define PACKAGE_URL ""
| #define PACKAGE "dgrep"
| #define VERSION "1.0"
| #define STDC_HEADERS 1
| #define HAVE_SYS_TYPES_H 1
| #define HAVE_SYS_STAT_H 1
| #define HAVE_STDLIB_H 1
| #define HAVE_STRING_H 1
| #define HAVE_MEMORY_H 1
| #define HAVE_STRINGS_H 1
| #define HAVE_INTTYPES_H 1
| #define HAVE_STDINT_H 1
| #define HAVE_UNISTD_H 1
| #define HAVE_ARPA_INET_H 1
| #define HAVE_NETDB_H 1
| #define HAVE_NETINET_IN_H 1
| #define HAVE_STDLIB_H 1
| #define HAVE_STRING_H 1
| #define HAVE_SYS_SOCKET_H 1
| #define HAVE_UNISTD_H 1
| /* end confdefs.h.  */
| #include <stdio.h>
| #ifdef HAVE_SYS_TYPES_H
| # include <sys/types.h>
| #endif
| #ifdef HAVE_SYS_STAT_H
| # include <sys/stat.h>
| #endif
| #ifdef STDC_HEADERS
| # include <stdlib.h>
| # include <stddef.h>
| #else
| # ifdef HAVE_STDLIB_H
| #  include <stdlib.h>
| # endif
| #endif
| #ifdef HAVE_STRING_H
| # if !defined STDC_HEADERS && defined HAVE_MEMORY_H
| #  include <memory.h>
| # endif
| # include <string.h>
| #endif
| #ifdef HAVE_STRINGS_H
| # include <strings.h>
| #endif
| #ifdef HAVE_INTTYPES_H
| # include <inttypes.h>
| #endif
| #ifdef HAVE_STDINT_H
| # include <stdint.h>
| #endif
| #ifdef HAVE_UNISTD_H
| # include <unistd.h>
| #endif
| int
| main ()
| {
| if (sizeof ((pid_t)))
| 	    return 0;
|   ;
|   return 0;
| }
configure:4745: result: yes
configure:4758: checking vfork.h usability
configure:4758: gcc -c -g -O2  conftest.c >&5
conftest.c:61:19: fatal error: vfork.h: No such file or directory
 #include <vfork.h>
                   ^
compilation terminated.
configure:4758: $? = 1
configure: failed program was:
| /* confdefs.h */
| #define PACKAGE_NAME "dgrep"
| #define PACKAGE_TARNAME "dgrep"
| #define PACKAGE_VERSION "1.0"
| #define PACKAGE_STRING "dgrep 1.0"
| #define PACKAGE_BUGREPORT "chenwan920908@gmail.com"
| #define PACKAGE_URL ""
| #define PACKAGE "dgrep"
| #define VERSION "1.0"
| #define STDC_HEADERS 1
| #define HAVE_SYS_TYPES_H 1
| #define HAVE_SYS_STAT_H 1
| #define HAVE_STDLIB_H 1
| #define HAVE_STRING_H 1
| #define HAVE_MEMORY_H 1
| #define HAVE_STRINGS_H 1
| #define HAVE_INTTYPES_H 1
| #define HAVE_STDINT_H 1
| #define HAVE_UNISTD_H 1
| #define HAVE_ARPA_INET_H 1
| #define HAVE_NETDB_H 1
| #define HAVE_NETINET_IN_H 1
| #define HAVE_STDLIB_H 1
| #define HAVE_STRING_H 1
| #define HAVE_SYS_SOCKET_H 1
| #define HAVE_UNISTD_H 1
| /* end confdefs.h.  */
| #include <stdio.h>
| #ifdef HAVE_SYS_TYPES_H
| # include <sys/types.h>
| #endif
| #ifdef HAVE_SYS_STAT_H
| # include <sys/stat.h>
| #endif
| #ifdef STDC_HEADERS
| # include <stdlib.h>
| # include <stddef.h>
| #else
| # ifdef HAVE_STDLIB_H
| #  include <stdlib.h>
| # endif
| #endif
| #ifdef HAVE_STRING_H
| # if !defined STDC_HEADERS && defined HAVE_MEMORY_H
| #  include <memory.h>
| # endif
| # include <string.h>
| #endif
| #ifdef HAVE_STRINGS_H
| # include <strings.h>
| #endif
| #ifdef HAVE_INTTYPES_H
| # include <inttypes.h>
| #endif
| #ifdef HAVE_STDINT_H
| # include <stdint.h>
| #endif
| #ifdef HAVE_UNISTD_H
| # include <unistd.h>
| #endif
| #include <vfork.h>
configure:4758: result: no
configure:4758: checking vfork.h presence
configure:4758: gcc -E  conftest.c
conftest.c:28:19: fatal error: vfork.h: No such file or directory
 #include <vfork.h>
                   ^
compilation terminated.
configure:4758: $? = 1
configure: failed program was:
| /* confdefs.h */
| #define PACKAGE_NAME "dgrep"
| #define PACKAGE_TARNAME "dgrep"
| #define PACKAGE_VERSION "1.0"
| #define PACKAGE_STRING "dgrep 1.0"
| #define PACKAGE_BUGREPORT "chenwan920908@gmail.com"
| #define PACKAGE_URL ""
| #define PACKAGE "dgrep"
| #define VERSION "1.0"
| #define STDC_HEADERS 1
| #define HAVE_SYS_TYPES_H 1
| #define HAVE_SYS_STAT_H 1
| #define HAVE_STDLIB_H 1
| #define HAVE_STRING_H 1
| #define HAVE_MEMORY_H 1
| #define HAVE_STRINGS_H 1
| #define HAVE_INTTYPES_H 1
| #define HAVE_STDINT_H 1
| #define HAVE_UNISTD_H 1
| #define HAVE_ARPA_INET_H 1
| #define HAVE_NETDB_H 1
| #define HAVE_NETINET_IN_H 1
| #define HAVE_STDLIB_H 1
| #define HAVE_STRING_H 1
| #define HAVE_SYS_SOCKET_H 1
| #define HAVE_UNISTD_H 1
| /* end confdefs.h.  */
| #include <vfork.h>
configure:4758: result: no
configure:4758: checking for vfork.h
configure:4758: result: no
configure:4771: checking for fork
configure:4771: gcc -o conftest -g -O2   conftest.c  >&5
conftest.c:51:6: warning: conflicting types for built-in function 'fork' [enabled by default]
 char fork ();
      ^
configure:4771: $? = 0
configure:4771: result: yes
configure:4771: checking for vfork
configure:4771: gcc -o conftest -g -O2   conftest.c  >&5
configure:4771: $? = 0
configure:4771: result: yes
configure:4781: checking for working fork
configure:4803: gcc -o conftest -g -O2   conftest.c  >&5
configure:4803: $? = 0
configure:4803: ./conftest
configure:4803: $? = 0
configure:4813: result: yes
configure:4834: checking for working vfork
configure:4944: result: yes
configure:4972: checking for memset
configure:4972: gcc -o conftest -g -O2   conftest.c  >&5
conftest.c:55:6: warning: conflicting types for built-in function 'memset' [enabled by default]
 char memset ();
      ^
configure:4972: $? = 0
configure:4972: result: yes
configure:4972: checking for socket
configure:4972: gcc -o conftest -g -O2   conftest.c  >&5
configure:4972: $? = 0
configure:4972: result: yes
configure:5094: checking that generated files are newer than configure
configure:5100: result: done
configure:5127: creating ./config.status

## ---------------------- ##
## Running config.status. ##
## ---------------------- ##

This file was extended by dgrep config.status 1.0, which was
generated by GNU Autoconf 2.69.  Invocation command line was

  CONFIG_FILES    = 
  CONFIG_HEADERS  = 
  CONFIG_LINKS    = 
  CONFIG_COMMANDS = 
  $ ./config.status 

on QUbuntu

config.status:874: creating Makefile
config.status:874: creating src/Makefile
config.status:874: creating src/client/Makefile
config.status:874: creating src/server/Makefile
config.status:874: creating config.h
config.status:1103: executing depfiles commands

## ---------------- ##
## Cache variables. ##
## ---------------- ##

ac_cv_c_compiler_gnu=yes
ac_cv_cxx_compiler_gnu=yes
ac_cv_env_CCC_set=
ac_cv_env_CCC_value=
ac_cv_env_CC_set=
ac_cv_env_CC_value=
ac_cv_env_CFLAGS_set=
ac_cv_env_CFLAGS_value=
ac_cv_env_CPPFLAGS_set=
ac_cv_env_CPPFLAGS_value=
ac_cv_env_CPP_set=
ac_cv_env_CPP_value=
ac_cv_env_CXXFLAGS_set=
ac_cv_env_CXXFLAGS_value=
ac_cv_env_CXX_set=
ac_cv_env_CXX_value=
ac_cv_env_LDFLAGS_set=
ac_cv_env_LDFLAGS_value=
ac_cv_env_LIBS_set=
ac_cv_env_LIBS_value=
ac_cv_env_build_alias_set=
ac_cv_env_build_alias_value=
ac_cv_env_host_alias_set=
ac_cv_env_host_alias_value=
ac_cv_env_target_alias_set=
ac_cv_env_target_alias_value=
ac_cv_func_fork=yes
ac_cv_func_fork_works=yes
ac_cv_func_memset=yes
ac_cv_func_socket=yes
ac_cv_func_vfork=yes
ac_cv_func_vfork_works=yes
ac_cv_header_arpa_inet_h=yes
ac_cv_header_inttypes_h=yes
ac_cv_header_memory_h=yes
ac_cv_header_netdb_h=yes
ac_cv_header_netinet_in_h=yes
ac_cv_header_stdc=yes
ac_cv_header_stdint_h=yes
ac_cv_header_stdlib_h=yes
ac_cv_header_string_h=yes
ac_cv_header_strings_h=yes
ac_cv_header_sys_socket_h=yes
ac_cv_header_sys_stat_h=yes
ac_cv_header_sys_types_h=yes
ac_cv_header_unistd_h=yes
ac_cv_header_vfork_h=no
ac_cv_objext=o
ac_cv_path_EGREP='/bin/grep -E'
ac_cv_path_GREP=/bin/grep
ac_cv_path_install='/usr/bin/install -c'
ac_cv_path_mkdir=/bin/mkdir
ac_cv_prog_AWK=mawk
ac_cv_prog_CPP='gcc -E'
ac_cv_prog_ac_ct_CC=gcc
ac_cv_prog_ac_ct_CXX=g++
ac_cv_prog_cc_c89=
ac_cv_prog_cc_g=yes
ac_cv_prog_cxx_g=yes
ac_cv_prog_make_make_set=yes
ac_cv_type_pid_t=yes
am_cv_CC_dependencies_compiler_type=gcc3
am_cv_CXX_dependencies_compiler_type=gcc3
am_cv_make_support_nested_variables=yes
am_cv_prog_cc_c_o=yes

## ----------------- ##
## Output variables. ##
## ----------------- ##

ACLOCAL='${SHELL} /home/qubit/Documents/github/dgrep/missing aclocal-1.14'
AMDEPBACKSLASH='\'
AMDEP_FALSE='#'
AMDEP_TRUE=''
AMTAR='$${TAR-tar}'
AM_BACKSLASH='\'
AM_DEFAULT_V='$(AM_DEFAULT_VERBOSITY)'
AM_DEFAULT_VERBOSITY='1'
AM_V='$(V)'
AUTOCONF='${SHELL} /home/qubit/Documents/github/dgrep/missing autoconf'
AUTOHEADER='${SHELL} /home/qubit/Documents/github/dgrep/missing autoheader'
AUTOMAKE='${SHELL} /home/qubit/Documents/github/dgrep/missing automake-1.14'
AWK='mawk'
CC='gcc'
CCDEPMODE='depmode=gcc3'
CFLAGS='-g -O2'
CPP='gcc -E'
CPPFLAGS=''
CXX='g++'
CXXDEPMODE='depmode=gcc3'
CXXFLAGS='-g -O2'
CYGPATH_W='echo'
DEFS='-DHAVE_CONFIG_H'
DEPDIR='.deps'
ECHO_C=''
ECHO_N='-n'
ECHO_T=''
EGREP='/bin/grep -E'
EXEEXT=''
GREP='/bin/grep'
INSTALL_DATA='${INSTALL} -m 644'
INSTALL_PROGRAM='${INSTALL}'
INSTALL_SCRIPT='${INSTALL}'
INSTALL_STRIP_PROGRAM='$(install_sh) -c -s'
LDFLAGS=''
LIBOBJS=''
LIBS=''
LTLIBOBJS=''
MAKEINFO='${SHELL} /home/qubit/Documents/github/dgrep/missing makeinfo'
MKDIR_P='/bin/mkdir -p'
OBJEXT='o'
PACKAGE='dgrep'
PACKAGE_BUGREPORT='chenwan920908@gmail.com'
PACKAGE_NAME='dgrep'
PACKAGE_STRING='dgrep 1.0'
PACKAGE_TARNAME='dgrep'
PACKAGE_URL=''
PACKAGE_VERSION='1.0'
PATH_SEPARATOR=':'
SET_MAKE=''
SHELL='/bin/bash'
STRIP=''
VERSION='1.0'
ac_ct_CC='gcc'
ac_ct_CXX='g++'
am__EXEEXT_FALSE=''
am__EXEEXT_TRUE='#'
am__fastdepCC_FALSE='#'
am__fastdepCC_TRUE=''
am__fastdepCXX_FALSE='#'
am__fastdepCXX_TRUE=''
am__include='include'
am__isrc=''
am__leading_dot='.'
am__nodep='_no'
am__quote=''
am__tar='$${TAR-tar} chof - "$$tardir"'
am__untar='$${TAR-tar} xf -'
bindir='${exec_prefix}/bin'
build_alias=''
datadir='${datarootdir}'
datarootdir='${prefix}/share'
docdir='${datarootdir}/doc/${PACKAGE_TARNAME}'
dvidir='${docdir}'
exec_prefix='${prefix}'
host_alias=''
htmldir='${docdir}'
includedir='${prefix}/include'
infodir='${datarootdir}/info'
install_sh='${SHELL} /home/qubit/Documents/github/dgrep/install-sh'
libdir='${exec_prefix}/lib'
libexecdir='${exec_prefix}/libexec'
localedir='${datarootdir}/locale'
localstatedir='${prefix}/var'
mandir='${datarootdir}/man'
mkdir_p='$(MKDIR_P)'
oldincludedir='/usr/include'
pdfdir='${docdir}'
prefix='/usr/local'
program_transform_name='s,x,x,'
psdir='${docdir}'
sbindir='${exec_prefix}/sbin'
sharedstatedir='${prefix}/com'
sysconfdir='${prefix}/etc'
target_alias=''

## ----------- ##
## confdefs.h. ##
## ----------- ##

/* confdefs.h */
#define PACKAGE_NAME "dgrep"
#define PACKAGE_TARNAME "dgrep"
#define PACKAGE_VERSION "1.0"
#define PACKAGE_STRING "dgrep 1.0"
#define PACKAGE_BUGREPORT "chenwan920908@gmail.com"
#define PACKAGE_URL ""
#define PACKAGE "dgrep"
#define VERSION "1.0"
#define STDC_HEADERS 1
#define HAVE_SYS_TYPES_H 1
#define HAVE_SYS_STAT_H 1
#define HAVE_STDLIB_H 1
#define HAVE_STRING_H 1
#define HAVE_MEMORY_H 1
#define HAVE_STRINGS_H 1
#define HAVE_INTTYPES_H 1
#define HAVE_STDINT_H 1
#define HAVE_UNISTD_H 1
#define HAVE_ARPA_INET_H 1
#define HAVE_NETDB_H 1
#define HAVE_NETINET_IN_H 1
#define HAVE_STDLIB_H 1
#define HAVE_STRING_H 1
#define HAVE_SYS_SOCKET_H 1
#define HAVE_UNISTD_H 1
#define HAVE_FORK 1
#define HAVE_VFORK 1
#define HAVE_WORKING_VFORK 1
#define HAVE_WORKING_FORK 1
#define HAVE_MEMSET 1
#define HAVE_SOCKET 1

configure: exit 0
